<?xml version="1.0" encoding="UTF-8" ?>
<testsuite tests="1" failures="0" name="com.teamtreehouse.AppTest" time="0.003" errors="0" skipped="0">
  <properties>
    <property name="java.vendor" value="AdoptOpenJDK"/>
    <property name="sun.java.launcher" value="SUN_STANDARD"/>
    <property name="os.name" value="Mac OS X"/>
    <property name="java.vm.specification.vendor" value="Oracle Corporation"/>
    <property name="java.runtime.version" value="12.0.2+10"/>
    <property name="user.name" value="RyanCrowley"/>
    <property name="java.compiler" value="j9jit29"/>
    <property name="os.encoding" value="UTF-8"/>
    <property name="guice.disable.misplaced.annotation.check" value="true"/>
    <property name="com.ibm.util.extralibs.properties" value=""/>
    <property name="com.ibm.jcl.checkClassPath" value=""/>
    <property name="user.language" value="en"/>
    <property name="com.ibm.oti.vm.bootstrap.library.path" value="/Users/RyanCrowley/.sdkman/candidates/java/12.0.2.j9-adpt/lib/compressedrefs:/Users/RyanCrowley/.sdkman/candidates/java/12.0.2.j9-adpt/lib"/>
    <property name="sun.boot.library.path" value="/Users/RyanCrowley/.sdkman/candidates/java/12.0.2.j9-adpt/lib/compressedrefs:/Users/RyanCrowley/.sdkman/candidates/java/12.0.2.j9-adpt/lib"/>
    <property name="classworlds.conf" value="/usr/local/Cellar/maven/3.6.3_1/libexec/bin/m2.conf"/>
    <property name="jdk.extensions.version" value="12.0.2.0"/>
    <property name="java.version" value="12.0.2"/>
    <property name="user.timezone" value="America/Chicago"/>
    <property name="com.ibm.system.agent.path" value="/Users/RyanCrowley/.sdkman/candidates/java/12.0.2.j9-adpt/lib"/>
    <property name="sun.arch.data.model" value="64"/>
    <property name="com.ibm.oti.vm.library.version" value="29"/>
    <property name="sun.jnu.encoding" value="UTF-8"/>
    <property name="file.encoding.pkg" value="sun.io"/>
    <property name="file.separator" value="/"/>
    <property name="java.specification.name" value="Java Platform API Specification"/>
    <property name="maven.conf" value="/usr/local/Cellar/maven/3.6.3_1/libexec/conf"/>
    <property name="java.class.version" value="56.0"/>
    <property name="user.country" value="US"/>
    <property name="java.home" value="/Users/RyanCrowley/.sdkman/candidates/java/12.0.2.j9-adpt"/>
    <property name="java.vm.info" value="JRE 12 Mac OS X amd64-64-Bit Compressed References 20190915_201 (JIT enabled, AOT enabled)
OpenJ9   - 0f66c6431
OMR      - ec782f26
JCL      - 9984ea0dd9 based on jdk-12.0.2+10"/>
    <property name="os.version" value="10.15.4"/>
    <property name="jdk.boot.class.path.append" value=""/>
    <property name="sun.nio.MaxDirectMemorySize" value="3758096384"/>
    <property name="path.separator" value=":"/>
    <property name="java.vm.version" value="openj9-0.15.1"/>
    <property name="user.variant" value=""/>
    <property name="java.awt.printerjob" value="sun.lwawt.macosx.CPrinterJob"/>
    <property name="jdk.extensions.name" value="Extensions for OpenJDK for Eclipse OpenJ9"/>
    <property name="sun.io.unicode.encoding" value="UnicodeLittle"/>
    <property name="sun.nio.PageAlignDirectMemory" value="false"/>
    <property name="awt.toolkit" value="sun.lwawt.macosx.LWCToolkit"/>
    <property name="ibm.signalhandling.sigint" value="true"/>
    <property name="user.home" value="/Users/RyanCrowley"/>
    <property name="com.ibm.cpu.endian" value="little"/>
    <property name="java.version.date" value="2019-07-16"/>
    <property name="java.specification.vendor" value="Oracle Corporation"/>
    <property name="ibm.signalhandling.sigchain" value="true"/>
    <property name="library.jansi.path" value="/usr/local/Cellar/maven/3.6.3_1/libexec/lib/jansi-native"/>
    <property name="java.library.path" value="/Users/RyanCrowley/.sdkman/candidates/java/12.0.2.j9-adpt/lib/compressedrefs:/Users/RyanCrowley/.sdkman/candidates/java/12.0.2.j9-adpt/lib:/usr/lib"/>
    <property name="java.vendor.url" value="https://adoptopenjdk.net/"/>
    <property name="java.vm.vendor" value="Eclipse OpenJ9"/>
    <property name="java.fullversion" value="12.0.2+10
JRE 12 Mac OS X amd64-64-Bit Compressed References 20190915_201 (JIT enabled, AOT enabled)
OpenJ9   - 0f66c6431
OMR      - ec782f26
JCL      - 9984ea0dd9 based on jdk-12.0.2+10"/>
    <property name="maven.home" value="/usr/local/Cellar/maven/3.6.3_1/libexec"/>
    <property name="java.runtime.name" value="OpenJDK Runtime Environment"/>
    <property name="sun.java.command" value="org.codehaus.plexus.classworlds.launcher.Launcher install"/>
    <property name="java.class.path" value="/usr/local/Cellar/maven/3.6.3_1/libexec/boot/plexus-classworlds-2.6.0.jar"/>
    <property name="java.vm.specification.name" value="Java Virtual Machine Specification"/>
    <property name="java.vm.specification.version" value="12"/>
    <property name="sun.cpu.endian" value="little"/>
    <property name="java.io.tmpdir" value="/var/folders/qj/mm8mwdp15qnctd3qscq93n600000gp/T/"/>
    <property name="java.vendor.url.bug" value="https://github.com/AdoptOpenJDK/openjdk-build/issues"/>
    <property name="maven.multiModuleProjectDirectory" value="/Users/RyanCrowley/IdeaProjects/learn-maven/file-spy"/>
    <property name="ibm.system.encoding" value="UTF-8"/>
    <property name="os.arch" value="x86_64"/>
    <property name="java.awt.graphicsenv" value="sun.awt.CGraphicsEnvironment"/>
    <property name="ibm.signalhandling.rs" value="false"/>
    <property name="user.dir" value="/Users/RyanCrowley/IdeaProjects/learn-maven/file-spy"/>
    <property name="line.separator" value="
"/>
    <property name="java.vm.name" value="Eclipse OpenJ9 VM"/>
    <property name="com.ibm.oti.shared.enabled" value="false"/>
    <property name="com.ibm.vm.bitmode" value="64"/>
    <property name="file.encoding" value="UTF-8"/>
    <property name="java.specification.version" value="12"/>
    <property name="com.ibm.oti.configuration" value="scar"/>
    <property name="java.vendor.version" value="AdoptOpenJDK"/>
  </properties>
  <testcase classname="com.teamtreehouse.AppTest" name="testApp" time="0.003"/>
</testsuite>